resources/js/bootstrap.ts(2,8): error TS2339: Property 'axios' does not exist on type 'Window & typeof globalThis'.
resources/js/bootstrap.ts(4,8): error TS2339: Property 'axios' does not exist on type 'Window & typeof globalThis'.
resources/js/Components/Clinical/RxDisplay.tsx(7,8): error TS2307: Cannot find module '@heroicons/react/24/outline' or its corresponding type declarations.
resources/js/Components/Forms/CustomerSearch.tsx(7,8): error TS2307: Cannot find module '@heroicons/react/24/outline' or its corresponding type declarations.
resources/js/Components/Forms/CustomerSearch.tsx(35,27): error TS2554: Expected 1 arguments, but got 0.
resources/js/Components/Forms/CustomerSearch.tsx(35,41): error TS2694: Namespace 'global.NodeJS' has no exported member 'Timeout'.
resources/js/Components/Forms/CustomerSearch.tsx(61,17): error TS2304: Cannot find name 'route'.
resources/js/Components/Forms/CustomerSearch.tsx(158,39): error TS2304: Cannot find name 'route'.
resources/js/Components/Lab/JobCardItem.tsx(3,25): error TS2307: Cannot find module '@/types' or its corresponding type declarations.
resources/js/Components/Lab/JobCardItem.tsx(6,37): error TS2307: Cannot find module 'date-fns' or its corresponding type declarations.
resources/js/Components/Lab/JobCardItem.tsx(26,19): error TS2304: Cannot find name 'route'.
resources/js/Components/Lab/JobCardItem.tsx(39,28): error TS2322: Type '"success" | "warning" | "danger" | "info" | "primary" | "secondary"' is not assignable to type '"success" | "warning" | "danger" | "info" | "neutral" | undefined'.
  Type '"primary"' is not assignable to type '"success" | "warning" | "danger" | "info" | "neutral" | undefined'.
resources/js/Components/POS/CustomerSelector.tsx(62,29): error TS2353: Object literal may only specify known properties, and 'disabled' does not exist in type 'Option'.
resources/js/Components/POS/PrescriptionSelector.tsx(4,24): error TS2307: Cannot find module 'date-fns' or its corresponding type declarations.
resources/js/Components/POS/PrescriptionSelector.tsx(5,28): error TS2307: Cannot find module 'date-fns/locale' or its corresponding type declarations.
resources/js/Layouts/POSLayout.tsx(19,19): error TS2304: Cannot find name 'route'.
resources/js/Layouts/POSLayout.tsx(36,19): error TS2304: Cannot find name 'route'.
resources/js/Pages/Admin/Businesses/Create.tsx(3,8): error TS2613: Module '"C:/Users/pc/Desktop/projects/opticina-shop-managment/resources/js/Layouts/AuthenticatedLayout"' has no default export. Did you mean to use 'import { AuthenticatedLayout } from "C:/Users/pc/Desktop/projects/opticina-shop-managment/resources/js/Layouts/AuthenticatedLayout"' instead?
resources/js/Pages/Admin/Businesses/Create.tsx(26,14): error TS2304: Cannot find name 'route'.
resources/js/Pages/Admin/Businesses/Create.tsx(36,31): error TS2304: Cannot find name 'route'.
resources/js/Pages/Admin/Businesses/Create.tsx(169,37): error TS2304: Cannot find name 'router'.
resources/js/Pages/Admin/Businesses/Create.tsx(169,48): error TS2304: Cannot find name 'route'.
resources/js/Pages/Admin/Businesses/Edit.tsx(3,8): error TS2613: Module '"C:/Users/pc/Desktop/projects/opticina-shop-managment/resources/js/Layouts/AuthenticatedLayout"' has no default export. Did you mean to use 'import { AuthenticatedLayout } from "C:/Users/pc/Desktop/projects/opticina-shop-managment/resources/js/Layouts/AuthenticatedLayout"' instead?
resources/js/Pages/Admin/Businesses/Edit.tsx(42,13): error TS2552: Cannot find name 'route'. Did you mean 'router'?
resources/js/Pages/Admin/Businesses/Edit.tsx(52,31): error TS2304: Cannot find name 'route'.
resources/js/Pages/Admin/Businesses/Edit.tsx(186,48): error TS2304: Cannot find name 'route'.
resources/js/Pages/Admin/Businesses/Index.tsx(3,8): error TS2613: Module '"C:/Users/pc/Desktop/projects/opticina-shop-managment/resources/js/Layouts/AuthenticatedLayout"' has no default export. Did you mean to use 'import { AuthenticatedLayout } from "C:/Users/pc/Desktop/projects/opticina-shop-managment/resources/js/Layouts/AuthenticatedLayout"' instead?
resources/js/Pages/Admin/Businesses/Index.tsx(37,13): error TS2304: Cannot find name 'route'.
resources/js/Pages/Admin/Businesses/Index.tsx(44,21): error TS2304: Cannot find name 'route'.
resources/js/Pages/Admin/Businesses/Index.tsx(57,25): error TS2322: Type '{ children: (string | Element)[]; href: any; className: string; }' is not assignable to type 'IntrinsicAttributes & ButtonProps'.
  Property 'href' does not exist on type 'IntrinsicAttributes & ButtonProps'.
resources/js/Pages/Admin/Businesses/Index.tsx(57,31): error TS2304: Cannot find name 'route'.
resources/js/Pages/Admin/Businesses/Index.tsx(151,59): error TS2304: Cannot find name 'route'.
resources/js/Pages/Admin/Dashboard.tsx(3,8): error TS2613: Module '"C:/Users/pc/Desktop/projects/opticina-shop-managment/resources/js/Layouts/AuthenticatedLayout"' has no default export. Did you mean to use 'import { AuthenticatedLayout } from "C:/Users/pc/Desktop/projects/opticina-shop-managment/resources/js/Layouts/AuthenticatedLayout"' instead?
resources/js/Pages/Business/Branches/Create.tsx(3,8): error TS2613: Module '"C:/Users/pc/Desktop/projects/opticina-shop-managment/resources/js/Layouts/AuthenticatedLayout"' has no default export. Did you mean to use 'import { AuthenticatedLayout } from "C:/Users/pc/Desktop/projects/opticina-shop-managment/resources/js/Layouts/AuthenticatedLayout"' instead?
resources/js/Pages/Business/Branches/Create.tsx(9,31): error TS2307: Cannot find module '@heroicons/react/24/outline' or its corresponding type declarations.
resources/js/Pages/Business/Branches/Create.tsx(24,14): error TS2304: Cannot find name 'route'.
resources/js/Pages/Business/Branches/Create.tsx(34,31): error TS2304: Cannot find name 'route'.
resources/js/Pages/Business/Branches/Create.tsx(37,26): error TS2304: Cannot find name 'ArrowLeft'.
resources/js/Pages/Business/Branches/Create.tsx(121,33): error TS2322: Type '{ children: string; type: "button"; variant: "secondary"; href: any; }' is not assignable to type 'IntrinsicAttributes & ButtonProps'.
  Property 'href' does not exist on type 'IntrinsicAttributes & ButtonProps'.
resources/js/Pages/Business/Branches/Create.tsx(121,39): error TS2304: Cannot find name 'route'.
resources/js/Pages/Business/Branches/Edit.tsx(3,8): error TS2613: Module '"C:/Users/pc/Desktop/projects/opticina-shop-managment/resources/js/Layouts/AuthenticatedLayout"' has no default export. Did you mean to use 'import { AuthenticatedLayout } from "C:/Users/pc/Desktop/projects/opticina-shop-managment/resources/js/Layouts/AuthenticatedLayout"' instead?
resources/js/Pages/Business/Branches/Edit.tsx(9,31): error TS2307: Cannot find module '@heroicons/react/24/outline' or its corresponding type declarations.
resources/js/Pages/Business/Branches/Edit.tsx(38,13): error TS2304: Cannot find name 'route'.
resources/js/Pages/Business/Branches/Edit.tsx(48,31): error TS2304: Cannot find name 'route'.
resources/js/Pages/Business/Branches/Edit.tsx(51,26): error TS2304: Cannot find name 'ArrowLeft'.
resources/js/Pages/Business/Branches/Edit.tsx(157,33): error TS2322: Type '{ children: string; type: "button"; variant: "secondary"; href: any; }' is not assignable to type 'IntrinsicAttributes & ButtonProps'.
  Property 'href' does not exist on type 'IntrinsicAttributes & ButtonProps'.
resources/js/Pages/Business/Branches/Edit.tsx(157,39): error TS2304: Cannot find name 'route'.
resources/js/Pages/Business/Branches/Index.tsx(3,8): error TS2613: Module '"C:/Users/pc/Desktop/projects/opticina-shop-managment/resources/js/Layouts/AuthenticatedLayout"' has no default export. Did you mean to use 'import { AuthenticatedLayout } from "C:/Users/pc/Desktop/projects/opticina-shop-managment/resources/js/Layouts/AuthenticatedLayout"' instead?
resources/js/Pages/Business/Branches/Index.tsx(36,13): error TS2304: Cannot find name 'route'.
resources/js/Pages/Business/Branches/Index.tsx(43,21): error TS2304: Cannot find name 'route'.
resources/js/Pages/Business/Branches/Index.tsx(56,51): error TS2322: Type '{ children: string; variant: "info"; size: string; }' is not assignable to type 'IntrinsicAttributes & BadgeProps'.
  Property 'size' does not exist on type 'IntrinsicAttributes & BadgeProps'.
resources/js/Pages/Business/Branches/Index.tsx(98,33): error TS2304: Cannot find name 'route'.
resources/js/Pages/Business/Branches/Index.tsx(128,25): error TS2322: Type '{ children: (string | Element)[]; href: any; className: string; }' is not assignable to type 'IntrinsicAttributes & ButtonProps'.
  Property 'href' does not exist on type 'IntrinsicAttributes & ButtonProps'.
resources/js/Pages/Business/Branches/Index.tsx(128,31): error TS2304: Cannot find name 'route'.
resources/js/Pages/Business/Branches/Index.tsx(151,25): error TS2322: Type '{ header: string; accessor: (branch: Branch) => Element; }[]' is not assignable to type 'Column<unknown>[]'.
  Type '{ header: string; accessor: (branch: Branch) => JSX.Element; }' is not assignable to type 'Column<unknown>'.
    Types of property 'accessor' are incompatible.
      Type '(branch: Branch) => JSX.Element' is not assignable to type '(item: unknown) => ReactNode'.
        Types of parameters 'branch' and 'item' are incompatible.
          Type 'unknown' is not assignable to type 'Branch'.
resources/js/Pages/Business/Settings.tsx(56,14): error TS2304: Cannot find name 'route'.
resources/js/Pages/Business/Settings.tsx(74,25): error TS2322: Type '{ children: Element; title: string; icon: Element; }' is not assignable to type 'IntrinsicAttributes & CardProps'.
  Property 'icon' does not exist on type 'IntrinsicAttributes & CardProps'.
resources/js/Pages/Business/Settings.tsx(86,33): error TS2322: Type '{ label: string; value: string; onChange: (e: ChangeEvent<HTMLInputElement>) => void; error: string | undefined; icon: Element; placeholder: string; required: true; }' is not assignable to type 'IntrinsicAttributes & InputProps & RefAttributes<HTMLInputElement>'.
  Property 'icon' does not exist on type 'IntrinsicAttributes & InputProps & RefAttributes<HTMLInputElement>'.
resources/js/Pages/Business/Settings.tsx(102,37): error TS2322: Type '{ label: string; type: "email"; value: string; onChange: (e: ChangeEvent<HTMLInputElement>) => void; error: string | undefined; icon: Element; placeholder: string; }' is not assignable to type 'IntrinsicAttributes & InputProps & RefAttributes<HTMLInputElement>'.
  Property 'icon' does not exist on type 'IntrinsicAttributes & InputProps & RefAttributes<HTMLInputElement>'.
resources/js/Pages/Business/Settings.tsx(114,37): error TS2322: Type '{ label: string; value: string; onChange: (e: ChangeEvent<HTMLInputElement>) => void; error: string | undefined; icon: Element; placeholder: string; }' is not assignable to type 'IntrinsicAttributes & InputProps & RefAttributes<HTMLInputElement>'.
  Property 'icon' does not exist on type 'IntrinsicAttributes & InputProps & RefAttributes<HTMLInputElement>'.
resources/js/Pages/Business/Settings.tsx(144,37): error TS2322: Type '{ label: string; value: string; onChange: (e: ChangeEvent<HTMLInputElement>) => void; error: string | undefined; icon: Element; placeholder: string; }' is not assignable to type 'IntrinsicAttributes & InputProps & RefAttributes<HTMLInputElement>'.
  Property 'icon' does not exist on type 'IntrinsicAttributes & InputProps & RefAttributes<HTMLInputElement>'.
resources/js/Pages/Business/Settings.tsx(161,37): error TS2322: Type '{ label: string; value: string; onChange: (e: ChangeEvent<HTMLInputElement>) => void; error: string | undefined; icon: Element; placeholder: string; }' is not assignable to type 'IntrinsicAttributes & InputProps & RefAttributes<HTMLInputElement>'.
  Property 'icon' does not exist on type 'IntrinsicAttributes & InputProps & RefAttributes<HTMLInputElement>'.
resources/js/Pages/Business/Settings.tsx(173,25): error TS2322: Type '{ children: Element; title: string; icon: Element; }' is not assignable to type 'IntrinsicAttributes & CardProps'.
  Property 'icon' does not exist on type 'IntrinsicAttributes & CardProps'.
resources/js/Pages/Business/Staff/Create.tsx(34,14): error TS2304: Cannot find name 'route'.
resources/js/Pages/Business/Staff/Create.tsx(44,31): error TS2304: Cannot find name 'route'.
resources/js/Pages/Business/Staff/Create.tsx(180,33): error TS2322: Type '{ children: string; type: "button"; variant: "secondary"; href: any; }' is not assignable to type 'IntrinsicAttributes & ButtonProps'.
  Property 'href' does not exist on type 'IntrinsicAttributes & ButtonProps'.
resources/js/Pages/Business/Staff/Create.tsx(180,39): error TS2304: Cannot find name 'route'.
resources/js/Pages/Business/Staff/Edit.tsx(3,8): error TS2613: Module '"C:/Users/pc/Desktop/projects/opticina-shop-managment/resources/js/Layouts/AuthenticatedLayout"' has no default export. Did you mean to use 'import { AuthenticatedLayout } from "C:/Users/pc/Desktop/projects/opticina-shop-managment/resources/js/Layouts/AuthenticatedLayout"' instead?
resources/js/Pages/Business/Staff/Edit.tsx(9,31): error TS2307: Cannot find module '@heroicons/react/24/outline' or its corresponding type declarations.
resources/js/Pages/Business/Staff/Edit.tsx(45,13): error TS2304: Cannot find name 'route'.
resources/js/Pages/Business/Staff/Edit.tsx(55,31): error TS2304: Cannot find name 'route'.
resources/js/Pages/Business/Staff/Edit.tsx(58,26): error TS2304: Cannot find name 'ArrowLeft'.
resources/js/Pages/Business/Staff/Edit.tsx(134,71): error TS2345: Argument of type 'string' is not assignable to parameter of type 'number'.
resources/js/Pages/Business/Staff/Edit.tsx(172,33): error TS2322: Type '{ children: string; type: "button"; variant: "secondary"; href: any; }' is not assignable to type 'IntrinsicAttributes & ButtonProps'.
  Property 'href' does not exist on type 'IntrinsicAttributes & ButtonProps'.
resources/js/Pages/Business/Staff/Edit.tsx(172,39): error TS2304: Cannot find name 'route'.
resources/js/Pages/Business/Staff/Index.tsx(3,8): error TS2613: Module '"C:/Users/pc/Desktop/projects/opticina-shop-managment/resources/js/Layouts/AuthenticatedLayout"' has no default export. Did you mean to use 'import { AuthenticatedLayout } from "C:/Users/pc/Desktop/projects/opticina-shop-managment/resources/js/Layouts/AuthenticatedLayout"' instead?
resources/js/Pages/Business/Staff/Index.tsx(38,13): error TS2304: Cannot find name 'route'.
resources/js/Pages/Business/Staff/Index.tsx(45,21): error TS2304: Cannot find name 'route'.
resources/js/Pages/Business/Staff/Index.tsx(104,33): error TS2304: Cannot find name 'route'.
resources/js/Pages/Business/Staff/Index.tsx(134,25): error TS2322: Type '{ children: (string | Element)[]; href: any; className: string; }' is not assignable to type 'IntrinsicAttributes & ButtonProps'.
  Property 'href' does not exist on type 'IntrinsicAttributes & ButtonProps'.
resources/js/Pages/Business/Staff/Index.tsx(134,31): error TS2304: Cannot find name 'route'.
resources/js/Pages/Business/Staff/Index.tsx(157,25): error TS2322: Type '{ header: string; accessor: (member: Staff) => Element; }[]' is not assignable to type 'Column<unknown>[]'.
  Type '{ header: string; accessor: (member: Staff) => JSX.Element; }' is not assignable to type 'Column<unknown>'.
    Types of property 'accessor' are incompatible.
      Type '(member: Staff) => JSX.Element' is not assignable to type '(item: unknown) => ReactNode'.
        Types of parameters 'member' and 'item' are incompatible.
          Type 'unknown' is not assignable to type 'Staff'.
resources/js/Pages/Clinical/ContactLensRx/Create.tsx(2,8): error TS2613: Module '"C:/Users/pc/Desktop/projects/opticina-shop-managment/resources/js/Layouts/AuthenticatedLayout"' has no default export. Did you mean to use 'import { AuthenticatedLayout } from "C:/Users/pc/Desktop/projects/opticina-shop-managment/resources/js/Layouts/AuthenticatedLayout"' instead?
resources/js/Pages/Clinical/ContactLensRx/Create.tsx(7,31): error TS2307: Cannot find module '@heroicons/react/24/outline' or its corresponding type declarations.
resources/js/Pages/Clinical/ContactLensRx/Create.tsx(43,14): error TS2304: Cannot find name 'route'.
resources/js/Pages/Clinical/ContactLensRx/Create.tsx(51,31): error TS2304: Cannot find name 'route'.
resources/js/Pages/Clinical/SpectacleRx/Create.tsx(2,8): error TS2613: Module '"C:/Users/pc/Desktop/projects/opticina-shop-managment/resources/js/Layouts/AuthenticatedLayout"' has no default export. Did you mean to use 'import { AuthenticatedLayout } from "C:/Users/pc/Desktop/projects/opticina-shop-managment/resources/js/Layouts/AuthenticatedLayout"' instead?
resources/js/Pages/Clinical/SpectacleRx/Create.tsx(7,31): error TS2307: Cannot find module '@heroicons/react/24/outline' or its corresponding type declarations.
resources/js/Pages/Clinical/SpectacleRx/Create.tsx(43,14): error TS2304: Cannot find name 'route'.
resources/js/Pages/Clinical/SpectacleRx/Create.tsx(51,31): error TS2304: Cannot find name 'route'.
resources/js/Pages/Lab/JobCards/Index.tsx(4,40): error TS2307: Cannot find module '@/types' or its corresponding type declarations.
resources/js/Pages/Lab/JobCards/Index.tsx(8,37): error TS2307: Cannot find module 'date-fns' or its corresponding type declarations.
resources/js/Pages/Lab/JobCards/Show.tsx(4,25): error TS2307: Cannot find module '@/types' or its corresponding type declarations.
resources/js/Pages/Lab/JobCards/Show.tsx(18,24): error TS2307: Cannot find module 'date-fns' or its corresponding type declarations.
resources/js/Pages/Lab/JobCards/Show.tsx(31,13): error TS2304: Cannot find name 'route'.
resources/js/Pages/Lab/JobCards/Show.tsx(66,31): error TS2304: Cannot find name 'route'.
resources/js/Pages/Lab/JobCards/Show.tsx(79,37): error TS2304: Cannot find name 'route'.
resources/js/Pages/Lab/JobCards/Show.tsx(100,40): error TS2322: Type '"success" | "warning" | "danger" | "info" | "primary" | "secondary"' is not assignable to type '"success" | "warning" | "danger" | "info" | "neutral" | undefined'.
  Type '"primary"' is not assignable to type '"success" | "warning" | "danger" | "info" | "neutral" | undefined'.
resources/js/Pages/Lab/JobCards/Show.tsx(136,37): error TS2322: Type '"success"' is not assignable to type '"danger" | "primary" | "secondary" | "ghost" | undefined'.
resources/js/Pages/Reports/DailyRevenue.tsx(13,24): error TS2307: Cannot find module 'date-fns' or its corresponding type declarations.
resources/js/Pages/Reports/DailyRevenue.tsx(15,28): error TS2307: Cannot find module 'date-fns/locale' or its corresponding type declarations.
resources/js/Pages/Reports/DailyRevenue.tsx(68,13): error TS2304: Cannot find name 'route'.
resources/js/Pages/Reports/DailyRevenue.tsx(152,35): error TS2304: Cannot find name 'route'.
resources/js/Pages/Reports/Index.tsx(45,19): error TS2304: Cannot find name 'route'.
resources/js/Pages/Reports/Index.tsx(52,19): error TS2304: Cannot find name 'route'.
resources/js/Pages/Reports/Index.tsx(59,19): error TS2304: Cannot find name 'route'.
resources/js/Pages/Reports/Index.tsx(66,19): error TS2304: Cannot find name 'route'.
resources/js/Pages/Reports/Index.tsx(73,19): error TS2304: Cannot find name 'route'.
resources/js/Pages/Reports/Index.tsx(80,19): error TS2304: Cannot find name 'route'.
resources/js/Pages/Reports/Inventory.tsx(91,29): error TS2304: Cannot find name 'route'.
resources/js/Pages/Reports/Inventory.tsx(134,27): error TS2304: Cannot find name 'route'.
resources/js/Pages/Reports/Inventory.tsx(159,35): error TS2304: Cannot find name 'route'.
resources/js/Pages/Reports/MonthlyRevenue.tsx(33,13): error TS2304: Cannot find name 'route'.
resources/js/Pages/Reports/MonthlyRevenue.tsx(84,35): error TS2304: Cannot find name 'route'.
resources/js/Pages/Reports/OutstandingBalances.tsx(10,24): error TS2307: Cannot find module 'date-fns' or its corresponding type declarations.
resources/js/Pages/Reports/OutstandingBalances.tsx(11,28): error TS2307: Cannot find module 'date-fns/locale' or its corresponding type declarations.
resources/js/Pages/Reports/OutstandingBalances.tsx(124,29): error TS2304: Cannot find name 'route'.
resources/js/Pages/Reports/OutstandingBalances.tsx(146,35): error TS2304: Cannot find name 'route'.
resources/js/Pages/Reports/RxExpiry.tsx(16,24): error TS2307: Cannot find module 'date-fns' or its corresponding type declarations.
resources/js/Pages/Reports/RxExpiry.tsx(18,28): error TS2307: Cannot find module 'date-fns/locale' or its corresponding type declarations.
resources/js/Pages/Reports/RxExpiry.tsx(130,29): error TS2304: Cannot find name 'route'.
resources/js/Pages/Reports/RxExpiry.tsx(151,35): error TS2304: Cannot find name 'route'.
resources/js/Pages/Reports/StaffPerformance.tsx(8,24): error TS2307: Cannot find module 'date-fns' or its corresponding type declarations.
resources/js/Pages/Reports/StaffPerformance.tsx(9,28): error TS2307: Cannot find module 'date-fns/locale' or its corresponding type declarations.
resources/js/Pages/Reports/StaffPerformance.tsx(50,13): error TS2304: Cannot find name 'route'.
resources/js/Pages/Reports/StaffPerformance.tsx(154,35): error TS2304: Cannot find name 'route'.
resources/js/Pages/Sales/Customers/Create.tsx(2,8): error TS2613: Module '"C:/Users/pc/Desktop/projects/opticina-shop-managment/resources/js/Layouts/AuthenticatedLayout"' has no default export. Did you mean to use 'import { AuthenticatedLayout } from "C:/Users/pc/Desktop/projects/opticina-shop-managment/resources/js/Layouts/AuthenticatedLayout"' instead?
resources/js/Pages/Sales/Customers/Create.tsx(42,14): error TS2304: Cannot find name 'route'.
resources/js/Pages/Sales/Customers/Create.tsx(50,31): error TS2304: Cannot find name 'route'.
resources/js/Pages/Sales/Customers/Edit.tsx(2,8): error TS2613: Module '"C:/Users/pc/Desktop/projects/opticina-shop-managment/resources/js/Layouts/AuthenticatedLayout"' has no default export. Did you mean to use 'import { AuthenticatedLayout } from "C:/Users/pc/Desktop/projects/opticina-shop-managment/resources/js/Layouts/AuthenticatedLayout"' instead?
resources/js/Pages/Sales/Customers/Edit.tsx(53,15): error TS2304: Cannot find name 'route'.
resources/js/Pages/Sales/Customers/Edit.tsx(61,31): error TS2304: Cannot find name 'route'.
resources/js/Pages/Sales/Customers/Index.tsx(41,13): error TS2304: Cannot find name 'route'.
resources/js/Pages/Sales/Customers/Index.tsx(98,33): error TS2304: Cannot find name 'route'.
resources/js/Pages/Sales/Customers/Index.tsx(103,33): error TS2304: Cannot find name 'route'.
resources/js/Pages/Sales/Customers/Index.tsx(115,13): error TS2322: Type '{ children: Element[]; header: Element; }' is not assignable to type 'IntrinsicAttributes & { children?: ReactNode; }'.
  Property 'header' does not exist on type 'IntrinsicAttributes & { children?: ReactNode; }'.
resources/js/Pages/Sales/Customers/Index.tsx(120,33): error TS2304: Cannot find name 'route'.
resources/js/Pages/Sales/Customers/Index.tsx(147,25): error TS2322: Type '{ header: string; accessor: (item: Customer) => Element; }[]' is not assignable to type 'Column<unknown>[]'.
  Type '{ header: string; accessor: (item: Customer) => JSX.Element; }' is not assignable to type 'Column<unknown>'.
    Types of property 'accessor' are incompatible.
      Type '(item: Customer) => JSX.Element' is not assignable to type '(item: unknown) => ReactNode'.
        Types of parameters 'item' and 'item' are incompatible.
          Type 'unknown' is not assignable to type 'Customer'.
resources/js/Pages/Sales/Customers/Show.tsx(2,8): error TS2613: Module '"C:/Users/pc/Desktop/projects/opticina-shop-managment/resources/js/Layouts/AuthenticatedLayout"' has no default export. Did you mean to use 'import { AuthenticatedLayout } from "C:/Users/pc/Desktop/projects/opticina-shop-managment/resources/js/Layouts/AuthenticatedLayout"' instead?
resources/js/Pages/Sales/Customers/Show.tsx(19,8): error TS2307: Cannot find module '@heroicons/react/24/outline' or its corresponding type declarations.
resources/js/Pages/Sales/Customers/Show.tsx(105,35): error TS2304: Cannot find name 'route'.
resources/js/Pages/Sales/Customers/Show.tsx(116,35): error TS2304: Cannot find name 'route'.
resources/js/Pages/Sales/Customers/Show.tsx(254,51): error TS2304: Cannot find name 'route'.
resources/js/Pages/Sales/Customers/Show.tsx(274,67): error TS2304: Cannot find name 'route'.
resources/js/Pages/Sales/Customers/Show.tsx(346,59): error TS2304: Cannot find name 'route'.
resources/js/Pages/Sales/Customers/Show.tsx(392,59): error TS2304: Cannot find name 'route'.
resources/js/Pages/Sales/Customers/Show.tsx(438,59): error TS2304: Cannot find name 'route'.
resources/js/Pages/Sales/Customers/Show.tsx(526,87): error TS2304: Cannot find name 'route'.
resources/js/Pages/Sales/Inventory/ContactLenses/Create.tsx(2,8): error TS2613: Module '"C:/Users/pc/Desktop/projects/opticina-shop-managment/resources/js/Layouts/AuthenticatedLayout"' has no default export. Did you mean to use 'import { AuthenticatedLayout } from "C:/Users/pc/Desktop/projects/opticina-shop-managment/resources/js/Layouts/AuthenticatedLayout"' instead?
resources/js/Pages/Sales/Inventory/ContactLenses/Create.tsx(33,14): error TS2304: Cannot find name 'route'.
resources/js/Pages/Sales/Inventory/ContactLenses/Create.tsx(41,31): error TS2304: Cannot find name 'route'.
resources/js/Pages/Sales/Inventory/ContactLenses/Edit.tsx(2,8): error TS2613: Module '"C:/Users/pc/Desktop/projects/opticina-shop-managment/resources/js/Layouts/AuthenticatedLayout"' has no default export. Did you mean to use 'import { AuthenticatedLayout } from "C:/Users/pc/Desktop/projects/opticina-shop-managment/resources/js/Layouts/AuthenticatedLayout"' instead?
resources/js/Pages/Sales/Inventory/ContactLenses/Edit.tsx(58,13): error TS2304: Cannot find name 'route'.
resources/js/Pages/Sales/Inventory/ContactLenses/Edit.tsx(67,31): error TS2304: Cannot find name 'route'.
resources/js/Pages/Sales/Inventory/ContactLenses/Index.tsx(2,8): error TS2613: Module '"C:/Users/pc/Desktop/projects/opticina-shop-managment/resources/js/Layouts/AuthenticatedLayout"' has no default export. Did you mean to use 'import { AuthenticatedLayout } from "C:/Users/pc/Desktop/projects/opticina-shop-managment/resources/js/Layouts/AuthenticatedLayout"' instead?
resources/js/Pages/Sales/Inventory/ContactLenses/Index.tsx(46,13): error TS2304: Cannot find name 'route'.
resources/js/Pages/Sales/Inventory/ContactLenses/Index.tsx(55,17): error TS2304: Cannot find name 'route'.
resources/js/Pages/Sales/Inventory/ContactLenses/Index.tsx(135,31): error TS2304: Cannot find name 'route'.
resources/js/Pages/Sales/Inventory/ContactLenses/Index.tsx(164,31): error TS2304: Cannot find name 'route'.
resources/js/Pages/Sales/Inventory/ContactLenses/Index.tsx(192,25): error TS2322: Type '({ header: string; accessor: (item: ContactLens) => Element; } | { header: string; accessor: (item: ContactLens) => string; })[]' is not assignable to type 'Column<unknown>[]'.
  Type '{ header: string; accessor: (item: ContactLens) => Element; } | { header: string; accessor: (item: ContactLens) => string; }' is not assignable to type 'Column<unknown>'.
    Type '{ header: string; accessor: (item: ContactLens) => JSX.Element; }' is not assignable to type 'Column<unknown>'.
      Types of property 'accessor' are incompatible.
        Type '(item: ContactLens) => JSX.Element' is not assignable to type '(item: unknown) => ReactNode'.
          Types of parameters 'item' and 'item' are incompatible.
            Type 'unknown' is not assignable to type 'ContactLens'.
resources/js/Pages/Sales/Inventory/Frames/Create.tsx(2,8): error TS2613: Module '"C:/Users/pc/Desktop/projects/opticina-shop-managment/resources/js/Layouts/AuthenticatedLayout"' has no default export. Did you mean to use 'import { AuthenticatedLayout } from "C:/Users/pc/Desktop/projects/opticina-shop-managment/resources/js/Layouts/AuthenticatedLayout"' instead?
resources/js/Pages/Sales/Inventory/Frames/Create.tsx(35,14): error TS2304: Cannot find name 'route'.
resources/js/Pages/Sales/Inventory/Frames/Create.tsx(43,31): error TS2304: Cannot find name 'route'.
resources/js/Pages/Sales/Inventory/Frames/Edit.tsx(2,8): error TS2613: Module '"C:/Users/pc/Desktop/projects/opticina-shop-managment/resources/js/Layouts/AuthenticatedLayout"' has no default export. Did you mean to use 'import { AuthenticatedLayout } from "C:/Users/pc/Desktop/projects/opticina-shop-managment/resources/js/Layouts/AuthenticatedLayout"' instead?
resources/js/Pages/Sales/Inventory/Frames/Edit.tsx(61,15): error TS2304: Cannot find name 'route'.
resources/js/Pages/Sales/Inventory/Frames/Edit.tsx(69,31): error TS2304: Cannot find name 'route'.
resources/js/Pages/Sales/Inventory/Frames/Index.tsx(45,13): error TS2304: Cannot find name 'route'.
resources/js/Pages/Sales/Inventory/Frames/Index.tsx(57,13): error TS2304: Cannot find name 'route'.
resources/js/Pages/Sales/Inventory/Frames/Index.tsx(69,27): error TS2304: Cannot find name 'route'.
resources/js/Pages/Sales/Inventory/Frames/Index.tsx(126,31): error TS2304: Cannot find name 'route'.
resources/js/Pages/Sales/Inventory/Frames/Index.tsx(146,13): error TS2322: Type '{ children: Element[]; header: Element; }' is not assignable to type 'IntrinsicAttributes & { children?: ReactNode; }'.
  Property 'header' does not exist on type 'IntrinsicAttributes & { children?: ReactNode; }'.
resources/js/Pages/Sales/Inventory/Frames/Index.tsx(151,33): error TS2304: Cannot find name 'route'.
resources/js/Pages/Sales/Inventory/Frames/Index.tsx(192,25): error TS2322: Type '({ header: string; accessor: string; } | { header: string; accessor: (item: Frame) => Element; } | { header: string; accessor: (item: Frame) => string; })[]' is not assignable to type 'Column<unknown>[]'.
  Type '{ header: string; accessor: string; } | { header: string; accessor: (item: Frame) => Element; } | { header: string; accessor: (item: Frame) => string; }' is not assignable to type 'Column<unknown>'.
    Type '{ header: string; accessor: string; }' is not assignable to type 'Column<unknown>'.
      Types of property 'accessor' are incompatible.
        Type 'string' is not assignable to type '(item: unknown) => ReactNode'.
resources/js/Pages/Sales/Inventory/Lenses/Create.tsx(2,8): error TS2613: Module '"C:/Users/pc/Desktop/projects/opticina-shop-managment/resources/js/Layouts/AuthenticatedLayout"' has no default export. Did you mean to use 'import { AuthenticatedLayout } from "C:/Users/pc/Desktop/projects/opticina-shop-managment/resources/js/Layouts/AuthenticatedLayout"' instead?
resources/js/Pages/Sales/Inventory/Lenses/Create.tsx(28,14): error TS2304: Cannot find name 'route'.
resources/js/Pages/Sales/Inventory/Lenses/Create.tsx(36,31): error TS2304: Cannot find name 'route'.
resources/js/Pages/Sales/Inventory/Lenses/Edit.tsx(2,8): error TS2613: Module '"C:/Users/pc/Desktop/projects/opticina-shop-managment/resources/js/Layouts/AuthenticatedLayout"' has no default export. Did you mean to use 'import { AuthenticatedLayout } from "C:/Users/pc/Desktop/projects/opticina-shop-managment/resources/js/Layouts/AuthenticatedLayout"' instead?
resources/js/Pages/Sales/Inventory/Lenses/Edit.tsx(47,15): error TS2304: Cannot find name 'route'.
resources/js/Pages/Sales/Inventory/Lenses/Edit.tsx(55,31): error TS2304: Cannot find name 'route'.
resources/js/Pages/Sales/Inventory/Lenses/Index.tsx(2,8): error TS2613: Module '"C:/Users/pc/Desktop/projects/opticina-shop-managment/resources/js/Layouts/AuthenticatedLayout"' has no default export. Did you mean to use 'import { AuthenticatedLayout } from "C:/Users/pc/Desktop/projects/opticina-shop-managment/resources/js/Layouts/AuthenticatedLayout"' instead?
resources/js/Pages/Sales/Inventory/Lenses/Index.tsx(43,13): error TS2304: Cannot find name 'route'.
resources/js/Pages/Sales/Inventory/Lenses/Index.tsx(51,27): error TS2304: Cannot find name 'route'.
resources/js/Pages/Sales/Inventory/Lenses/Index.tsx(108,31): error TS2304: Cannot find name 'route'.
resources/js/Pages/Sales/Inventory/Lenses/Index.tsx(133,33): error TS2304: Cannot find name 'route'.
resources/js/Pages/Sales/Inventory/Lenses/Index.tsx(160,25): error TS2322: Type '({ header: string; accessor: (item: Lens) => Element; } | { header: string; accessor: (item: Lens) => string; } | { header: string; accessor: string; })[]' is not assignable to type 'Column<unknown>[]'.
  Type '{ header: string; accessor: (item: Lens) => Element; } | { header: string; accessor: (item: Lens) => string; } | { header: string; accessor: string; }' is not assignable to type 'Column<unknown>'.
    Type '{ header: string; accessor: (item: Lens) => JSX.Element; }' is not assignable to type 'Column<unknown>'.
      Types of property 'accessor' are incompatible.
        Type '(item: Lens) => JSX.Element' is not assignable to type '(item: unknown) => ReactNode'.
          Types of parameters 'item' and 'item' are incompatible.
            Type 'unknown' is not assignable to type 'Lens'.
resources/js/Pages/Sales/Invoices/Index.tsx(45,13): error TS2304: Cannot find name 'route'.
resources/js/Pages/Sales/Invoices/Index.tsx(118,33): error TS2304: Cannot find name 'route'.
resources/js/Pages/Sales/Invoices/Index.tsx(142,33): error TS2304: Cannot find name 'route'.
resources/js/Pages/Sales/Invoices/Index.tsx(165,25): error TS2322: Type '({ header: string; accessor: (item: Invoice) => Element; } | { header: string; accessor: (item: Invoice) => string; })[]' is not assignable to type 'Column<unknown>[]'.
  Type '{ header: string; accessor: (item: Invoice) => Element; } | { header: string; accessor: (item: Invoice) => string; }' is not assignable to type 'Column<unknown>'.
    Type '{ header: string; accessor: (item: Invoice) => JSX.Element; }' is not assignable to type 'Column<unknown>'.
      Types of property 'accessor' are incompatible.
        Type '(item: Invoice) => JSX.Element' is not assignable to type '(item: unknown) => ReactNode'.
          Types of parameters 'item' and 'item' are incompatible.
            Type 'unknown' is not assignable to type 'Invoice'.
resources/js/Pages/Sales/Invoices/Show.tsx(20,24): error TS2307: Cannot find module 'date-fns' or its corresponding type declarations.
resources/js/Pages/Sales/Invoices/Show.tsx(21,28): error TS2307: Cannot find module 'date-fns/locale' or its corresponding type declarations.
resources/js/Pages/Sales/Invoices/Show.tsx(122,35): error TS2304: Cannot find name 'route'.
resources/js/Pages/Sales/Invoices/Show.tsx(320,43): error TS2304: Cannot find name 'route'.
resources/js/Pages/Sales/POS/Index.tsx(14,24): error TS2307: Cannot find module 'date-fns' or its corresponding type declarations.
resources/js/Pages/Sales/POS/Index.tsx(15,28): error TS2307: Cannot find module 'date-fns/locale' or its corresponding type declarations.
resources/js/Pages/Sales/POS/Index.tsx(99,25): error TS2304: Cannot find name 'route'.
resources/js/Pages/Sales/POS/Index.tsx(131,17): error TS2304: Cannot find name 'route'.
resources/js/Pages/Sales/POS/Index.tsx(195,21): error TS2304: Cannot find name 'route'.
